-------------------------------------------------------------------------------
Test set: com.example.memcacheddemo.MemcacheddemoApplicationTests
-------------------------------------------------------------------------------
Tests run: 1, Failures: 0, Errors: 1, Skipped: 0, Time elapsed: 3.535 s <<< FAILURE! - in com.example.memcacheddemo.MemcacheddemoApplicationTests
contextLoads  Time elapsed: 0.012 s  <<< ERROR!
java.lang.IllegalStateException: Failed to load ApplicationContext
Caused by: org.springframework.beans.factory.UnsatisfiedDependencyException: Error creating bean with name 'taskController' defined in file [/Users/rwangctr/IdeaProjects/Pullrequest/wechat/memcacheddemo/target/classes/com/example/memcacheddemo/TaskController.class]: Unsatisfied dependency expressed through constructor parameter 0; nested exception is org.springframework.beans.factory.UnsatisfiedDependencyException: Error creating bean with name 'taskRepositoryImpl': Unsatisfied dependency expressed through field 'taskRepository'; nested exception is org.springframework.beans.factory.UnsatisfiedDependencyException: Error creating bean with name 'readThroughAssignCache' defined in class path resource [com/example/memcacheddemo/MemCachierConfig.class]: Unsatisfied dependency expressed through method 'readThroughAssignCache' parameter 0; nested exception is org.springframework.beans.factory.BeanCreationException: Error creating bean with name 'cacheBase' defined in class path resource [com/example/memcacheddemo/MemCachierConfig.class]: Invocation of init method failed; nested exception is org.springframework.beans.factory.BeanCreationException: Error creating bean with name 'defaultMemcachedClient' defined in class path resource [com/example/memcacheddemo/MemCachierConfig.class]: Bean instantiation via factory method failed; nested exception is org.springframework.beans.BeanInstantiationException: Failed to instantiate [com.google.code.ssm.CacheFactory]: Factory method 'defaultMemcachedClient' threw exception; nested exception is java.lang.NullPointerException
Caused by: org.springframework.beans.factory.UnsatisfiedDependencyException: Error creating bean with name 'taskRepositoryImpl': Unsatisfied dependency expressed through field 'taskRepository'; nested exception is org.springframework.beans.factory.UnsatisfiedDependencyException: Error creating bean with name 'readThroughAssignCache' defined in class path resource [com/example/memcacheddemo/MemCachierConfig.class]: Unsatisfied dependency expressed through method 'readThroughAssignCache' parameter 0; nested exception is org.springframework.beans.factory.BeanCreationException: Error creating bean with name 'cacheBase' defined in class path resource [com/example/memcacheddemo/MemCachierConfig.class]: Invocation of init method failed; nested exception is org.springframework.beans.factory.BeanCreationException: Error creating bean with name 'defaultMemcachedClient' defined in class path resource [com/example/memcacheddemo/MemCachierConfig.class]: Bean instantiation via factory method failed; nested exception is org.springframework.beans.BeanInstantiationException: Failed to instantiate [com.google.code.ssm.CacheFactory]: Factory method 'defaultMemcachedClient' threw exception; nested exception is java.lang.NullPointerException
Caused by: org.springframework.beans.factory.UnsatisfiedDependencyException: Error creating bean with name 'readThroughAssignCache' defined in class path resource [com/example/memcacheddemo/MemCachierConfig.class]: Unsatisfied dependency expressed through method 'readThroughAssignCache' parameter 0; nested exception is org.springframework.beans.factory.BeanCreationException: Error creating bean with name 'cacheBase' defined in class path resource [com/example/memcacheddemo/MemCachierConfig.class]: Invocation of init method failed; nested exception is org.springframework.beans.factory.BeanCreationException: Error creating bean with name 'defaultMemcachedClient' defined in class path resource [com/example/memcacheddemo/MemCachierConfig.class]: Bean instantiation via factory method failed; nested exception is org.springframework.beans.BeanInstantiationException: Failed to instantiate [com.google.code.ssm.CacheFactory]: Factory method 'defaultMemcachedClient' threw exception; nested exception is java.lang.NullPointerException
Caused by: org.springframework.beans.factory.BeanCreationException: Error creating bean with name 'cacheBase' defined in class path resource [com/example/memcacheddemo/MemCachierConfig.class]: Invocation of init method failed; nested exception is org.springframework.beans.factory.BeanCreationException: Error creating bean with name 'defaultMemcachedClient' defined in class path resource [com/example/memcacheddemo/MemCachierConfig.class]: Bean instantiation via factory method failed; nested exception is org.springframework.beans.BeanInstantiationException: Failed to instantiate [com.google.code.ssm.CacheFactory]: Factory method 'defaultMemcachedClient' threw exception; nested exception is java.lang.NullPointerException
Caused by: org.springframework.beans.factory.BeanCreationException: Error creating bean with name 'defaultMemcachedClient' defined in class path resource [com/example/memcacheddemo/MemCachierConfig.class]: Bean instantiation via factory method failed; nested exception is org.springframework.beans.BeanInstantiationException: Failed to instantiate [com.google.code.ssm.CacheFactory]: Factory method 'defaultMemcachedClient' threw exception; nested exception is java.lang.NullPointerException
Caused by: org.springframework.beans.BeanInstantiationException: Failed to instantiate [com.google.code.ssm.CacheFactory]: Factory method 'defaultMemcachedClient' threw exception; nested exception is java.lang.NullPointerException
Caused by: java.lang.NullPointerException

